<?xml version="1.0" encoding="UTF-8"?>
<testsuite xmlns:xsi="http://www.w3.org/2001/XMLSchema-instance" xsi:noNamespaceSchemaLocation="https://maven.apache.org/surefire/maven-surefire-plugin/xsd/surefire-test-report.xsd" name="com.project.domain.AccommodationTest" time="0.047" tests="5" errors="0" skipped="0" failures="1">
  <properties>
[...]
</properties>
  <testcase name="getPricePerNight" classname="com.project.domain.AccommodationTest" time="0.015"/>
  <testcase name="testPlace" classname="com.project.domain.AccommodationTest" time="0"/>
  <testcase name="testTypeOfAccommodation" classname="com.project.domain.AccommodationTest" time="0"/>
  <testcase name="testName" classname="com.project.domain.AccommodationTest" time="0"/>
  <testcase name="testDescription" classname="com.project.domain.AccommodationTest" time="0.016">
    <failure message="expected: &lt;Lorem ipsum dolor sit amet, consectetur adipiscing elit, sed do eiusmod tempor incididunt ut labore et dolore magna aliqua. Ut enim ad minim veniam, quis nostrud exercitation ullamco laboris nisi ut liquip ex ea commodo consequat.&gt; but was: &lt;Lorem ipsum dolor sit amet, consectetur adipiscing elit, sed do eiusmod tempor incididunt ut labore et dolore magna aliqua. Ut enim ad minim veniam, quis nostrud exercitation ullamco laboris nisi ut aliquip ex ea commodo consequat.&gt;" type="org.opentest4j.AssertionFailedError"><![CDATA[org.opentest4j.AssertionFailedError: expected: <Lorem ipsum dolor sit amet, consectetur adipiscing elit, sed do eiusmod tempor incididunt ut labore et dolore magna aliqua. Ut enim ad minim veniam, quis nostrud exercitation ullamco laboris nisi ut liquip ex ea commodo consequat.> but was: <Lorem ipsum dolor sit amet, consectetur adipiscing elit, sed do eiusmod tempor incididunt ut labore et dolore magna aliqua. Ut enim ad minim veniam, quis nostrud exercitation ullamco laboris nisi ut aliquip ex ea commodo consequat.>
	at com.project.domain.AccommodationTest.testDescription(AccommodationTest.java:30)
]]></failure>
  </testcase>
</testsuite>